<?xml version="1.0" encoding="UTF-8"?>
<testng-results ignored="0" total="1" passed="1" failed="0" skipped="0">
  <reporter-output>
    <line>
      <![CDATA[create customer]]>
    </line>
  </reporter-output>
  <suite started-at="2024-08-25T11:18:46 IST" name="Default suite" finished-at="2024-08-25T11:18:46 IST" duration-ms="68">
    <groups>
    </groups>
    <test started-at="2024-08-25T11:18:46 IST" name="Default test" finished-at="2024-08-25T11:18:46 IST" duration-ms="68">
      <class name="com.Actitime.testscripts.CustomerTest">
        <test-method signature="create()[pri:0, instance:com.Actitime.testscripts.CustomerTest@550dbc7a]" started-at="2024-08-25T11:18:46 IST" name="create" finished-at="2024-08-25T11:18:46 IST" duration-ms="13" status="PASS">
          <reporter-output>
            <line>
              <![CDATA[create customer]]>
            </line>
          </reporter-output>
        </test-method> <!-- create -->
      </class> <!-- com.Actitime.testscripts.CustomerTest -->
    </test> <!-- Default test -->
  </suite> <!-- Default suite -->
</testng-results>
